<?xml version="1.0" encoding="UTF-8"?>
<!-- Generated by org.testng.reporters.JUnitReportReporter -->
<testsuite hostname="hrahman-lt-9955" failures="2" tests="5" name="runner.runner" time="30.283" errors="0" timestamp="2023-04-15T20:27:51 EET" skipped="0">
  <testcase classname="runner.runner" name="runScenario" time="5.483"/>
  <system-out/>
  <testcase classname="runner.runner" name="runScenario" time="4.431">
    <failure message="null" type="java.lang.AssertionError">
      <![CDATA[java.lang.AssertionError: null
at org.testng.Assert.fail(Assert.java:97)
at org.testng.Assert.fail(Assert.java:102)
at steps.TestBase.AssertEqualTowlists(TestBase.java:62)
at steps.ValidateSubscriptionPackages.CheckPrices(ValidateSubscriptionPackages.java:53)
at ✽.the displayed prices are "1,3,6"(file:///C:/Users/Hagar.Abdelrahman/eclipse-workspace/STC/src/test/java/feature/ValidateSubscriptionPackages.feature:8)
]]>
    </failure>
  </testcase> <!-- runScenario -->
  <system-out/>
  <testcase classname="runner.runner" name="runScenario" time="4.287">
    <failure message="null" type="java.lang.AssertionError">
      <![CDATA[java.lang.AssertionError: null
at org.testng.Assert.fail(Assert.java:97)
at org.testng.Assert.fail(Assert.java:102)
at steps.TestBase.AssertEqualTowlists(TestBase.java:62)
at steps.ValidateSubscriptionPackages.CheckPlans(ValidateSubscriptionPackages.java:47)
at ✽.the displayed plans are "LITEE,CLASSIC,PREMIUM"(file:///C:/Users/Hagar.Abdelrahman/eclipse-workspace/STC/src/test/java/feature/ValidateSubscriptionPackages.feature:7)
]]>
    </failure>
  </testcase> <!-- runScenario -->
  <system-out/>
  <testcase classname="runner.runner" name="runScenario" time="11.646"/>
  <system-out/>
  <testcase classname="runner.runner" name="runScenario" time="4.436"/>
  <system-out/>
</testsuite> <!-- runner.runner -->
