<?xml version="1.0" encoding="UTF-8"?>
<!-- Generated by org.testng.reporters.JUnitReportReporter -->
<testsuite hostname="hrahman-lt-9955" failures="0" tests="3" name="runner.runner" time="20.793" errors="0" timestamp="2023-04-15T05:23:24 EET" skipped="0">
  <testcase classname="runner.runner" name="runScenario" time="4.911"/>
  <system-out/>
  <testcase classname="runner.runner" name="runScenario" time="11.361"/>
  <system-out/>
  <testcase classname="runner.runner" name="runScenario" time="4.521"/>
  <system-out/>
</testsuite> <!-- runner.runner -->
